[2016/01/15 11:47:19] [WARN] 77 PneumoDB.Controller.SearchPneumoDB - Jyo-PageLoad
[2016/01/15 11:48:42] [WARN] 77 PneumoDB.Controller.SearchPneumoDB - Jyo-PageLoad
[2016/01/15 11:49:09] [WARN] 77 PneumoDB.Controller.SearchPneumoDB - Jyo-Search:[[{"columns":"pss_study_id","search_str":"2245","eq":"in"}],[{"columns":"pss_public_name","search_str":"US","eq":"REGEXP"}]]
[2016/01/15 11:49:26] [WARN] 41 PneumoDB.Controller.UpdateDecision - Jyo-UpdateDecision-0-[{"pss_sanger_id":"2245STDY5982543","pss_public_name":"GPS_US_0649_01","pss_lane_id":"14673_2#18"}]
[2016/01/15 11:49:26] [WARN] 77 PneumoDB.Controller.SearchPneumoDB - Jyo-Search:[[{"eq":"in","search_str":"2245","columns":"pss_study_id"}],[{"columns":"pss_public_name","eq":"REGEXP","search_str":"US"}]]
[2016/01/15 11:55:56] [WARN] 77 PneumoDB.Controller.SearchPneumoDB - Jyo-PageLoad
[2016/01/15 11:56:00] [WARN] 72 PneumoDB.Controller.UpdateComments - Jyo-UpdateComments-[{"prs_in_silico_st":"","prs_baps_2":"","prs_in_silico_serotype":"","pss_lane_id":"15682_6#66","prs_vaccine_status":"","prs_comments":"test","prs_vaccine_period":"","prs_baps_1":"","pss_sanger_id":"3063STDY6027088"}]
[2016/01/15 11:56:00] [WARN] 77 PneumoDB.Controller.SearchPneumoDB - Jyo-PageLoad
[2016/01/15 11:56:10] [WARN] 72 PneumoDB.Controller.UpdateComments - Jyo-UpdateComments-[{"prs_in_silico_serotype":"","prs_baps_2":"","prs_in_silico_st":"","pss_lane_id":"17574_2#188","prs_vaccine_status":"","pss_sanger_id":"2245STDY6092911","prs_baps_1":"","prs_vaccine_period":"","prs_comments":"qwr"},{"prs_vaccine_status":"","prs_comments":"xv","prs_vaccine_period":"","prs_baps_1":"","pss_sanger_id":"2245STDY6092648","pss_lane_id":"17574_3#9","prs_in_silico_st":"","prs_in_silico_serotype":"","prs_baps_2":""},{"prs_vaccine_status":"","prs_comments":"ef","prs_vaccine_period":"","prs_baps_1":"","pss_sanger_id":"2245STDY5982410","pss_lane_id":"14913_6#77","prs_in_silico_st":"","prs_baps_2":"","prs_in_silico_serotype":""}]
[2016/01/15 11:56:10] [WARN] 77 PneumoDB.Controller.SearchPneumoDB - Jyo-PageLoad
[2016/01/15 11:59:08] [WARN] 41 PneumoDB.Controller.UpdateDecision - Jyo-UpdateDecision-1-[{"pss_public_name":"UOS_IPD_164","pss_sanger_id":"3063STDY6027088","pss_lane_id":"15682_6#66"}]
[2016/01/15 11:59:09] [WARN] 77 PneumoDB.Controller.SearchPneumoDB - Jyo-PageLoad
[2016/01/15 11:59:14] [WARN] 41 PneumoDB.Controller.UpdateDecision - Jyo-UpdateDecision-0-[{"pss_sanger_id":"3063STDY6027088","pss_public_name":"UOS_IPD_164","pss_lane_id":"15682_6#66"}]
[2016/01/15 11:59:14] [WARN] 77 PneumoDB.Controller.SearchPneumoDB - Jyo-PageLoad
[2016/01/15 11:59:18] [WARN] 77 PneumoDB.Controller.SearchPneumoDB - Jyo-PageLoad
[2016/01/15 12:34:52] [WARN] 77 PneumoDB.Controller.SearchPneumoDB - Jyo-PageLoad
[2016/01/15 12:35:47] [WARN] 77 PneumoDB.Controller.SearchPneumoDB - Jyo-PageLoad
[2016/01/15 12:37:11] [WARN] 77 PneumoDB.Controller.SearchPneumoDB - Jyo-PageLoad
[2016/01/15 12:37:16] [WARN] 41 PneumoDB.Controller.UpdateDecision - Jyo-UpdateDecision-0-[{"pss_lane_id":"15682_6#66","pss_public_name":"UOS_IPD_164","pss_sanger_id":"3063STDY6027088"}]
[2016/01/15 12:37:16] [WARN] 77 PneumoDB.Controller.SearchPneumoDB - Jyo-PageLoad
[2016/01/15 12:37:20] [WARN] 77 PneumoDB.Controller.SearchPneumoDB - Jyo-PageLoad
[2016/01/15 12:37:53] [WARN] 77 PneumoDB.Controller.SearchPneumoDB - Jyo-PageLoad
[2016/01/15 12:37:54] [WARN] 77 PneumoDB.Controller.SearchPneumoDB - Jyo-PageLoad
[2016/01/15 12:37:56] [WARN] 77 PneumoDB.Controller.SearchPneumoDB - Jyo-PageLoad
[2016/01/15 12:38:00] [WARN] 77 PneumoDB.Controller.SearchPneumoDB - Jyo-PageLoad
[2016/01/15 12:38:36] [WARN] 41 PneumoDB.Controller.UpdateDecision - Jyo-UpdateDecision--1-[{"pss_sanger_id":"2245STDY6092911","pss_lane_id":"17574_2#188","pss_public_name":"GPS_GM_1914"}]
[2016/01/15 12:38:36] [WARN] 77 PneumoDB.Controller.SearchPneumoDB - Jyo-PageLoad
[2016/01/15 12:38:44] [WARN] 41 PneumoDB.Controller.UpdateDecision - Jyo-UpdateDecision--1-[{"pss_public_name":"GPS_GM_1914","pss_lane_id":"17574_2#188","pss_sanger_id":"2245STDY6092911"}]
[2016/01/15 12:38:44] [WARN] 77 PneumoDB.Controller.SearchPneumoDB - Jyo-PageLoad
[2016/01/15 12:38:53] [WARN] 77 PneumoDB.Controller.SearchPneumoDB - Jyo-Search:[[{"columns":"pss_sanger_id","eq":"in","search_str":"2245STDY6092911"}]]
[2016/01/15 12:40:25] [WARN] 77 PneumoDB.Controller.SearchPneumoDB - Jyo-Search:[[{"search_str":"2245STDY6092911","columns":"pss_sanger_id","eq":"in"}]]
[2016/01/15 12:41:04] [WARN] 77 PneumoDB.Controller.SearchPneumoDB - Jyo-PageLoad
[2016/01/15 12:42:32] [WARN] 77 PneumoDB.Controller.SearchPneumoDB - Jyo-PageLoad
[2016/01/15 13:00:01] [WARN] 77 PneumoDB.Controller.SearchPneumoDB - Jyo-PageLoad
[2016/01/15 13:00:58] [WARN] 41 PneumoDB.Controller.UpdateDecision - Jyo-UpdateDecision-1-[{"pss_sanger_id":"2245STDY6092911","pss_lane_id":"17574_2#188","pss_public_name":"GPS_GM_1914"},{"pss_sanger_id":"2245STDY6092648","pss_lane_id":"17574_3#9","pss_public_name":"GPS_TG_M0019"}]
[2016/01/15 13:00:58] [WARN] 77 PneumoDB.Controller.SearchPneumoDB - Jyo-PageLoad
[2016/01/15 14:00:14] [WARN] 41 PneumoDB.Controller.UpdateDecision - Jyo-UpdateDecision-1-[{"pss_lane_id":"15682_6#66","pss_public_name":"UOS_IPD_164","pss_sanger_id":"3063STDY6027088"}]
[2016/01/15 14:00:15] [WARN] 77 PneumoDB.Controller.SearchPneumoDB - Jyo-PageLoad
[2016/01/15 14:00:28] [WARN] 77 PneumoDB.Controller.SearchPneumoDB - Jyo-PageLoad-{"rows":"15","page":"1","order":"asc","sort":"pss_sanger_id"}
[2016/01/15 14:00:29] [WARN] 77 PneumoDB.Controller.SearchPneumoDB - Jyo-PageLoad-{"order":"desc","page":"1","rows":"15","sort":"pss_sanger_id"}
[2016/01/15 14:00:30] [WARN] 77 PneumoDB.Controller.SearchPneumoDB - Jyo-PageLoad-{"sort":"pss_public_name","rows":"15","order":"asc","page":"1"}
[2016/01/15 14:00:32] [WARN] 77 PneumoDB.Controller.SearchPneumoDB - Jyo-PageLoad-{"page":"1","order":"desc","rows":"15","sort":"pss_public_name"}
[2016/01/15 14:00:38] [WARN] 41 PneumoDB.Controller.UpdateDecision - Jyo-UpdateDecision-0-[{"pss_sanger_id":"2245STDY5698654","pss_public_name":"ZA_GPS_SP97","pss_lane_id":"12162_1#1"}]
[2016/01/15 14:00:38] [WARN] 77 PneumoDB.Controller.SearchPneumoDB - Jyo-PageLoad-{"rows":"15","page":"1","order":"desc","sort":"pss_public_name"}
[2016/01/15 14:00:44] [WARN] 41 PneumoDB.Controller.UpdateDecision - Jyo-UpdateDecision-1-[{"pss_lane_id":"12162_1#1","pss_public_name":"ZA_GPS_SP97","pss_sanger_id":"2245STDY5698654"}]
[2016/01/15 14:00:44] [WARN] 77 PneumoDB.Controller.SearchPneumoDB - Jyo-PageLoad-{"rows":"15","page":"1","order":"desc","sort":"pss_public_name"}
[2016/01/15 14:00:48] [WARN] 41 PneumoDB.Controller.UpdateDecision - Jyo-UpdateDecision--1-[{"pss_public_name":"ZA_GPS_SP97","pss_lane_id":"12162_1#1","pss_sanger_id":"2245STDY5698654"}]
[2016/01/15 14:00:48] [WARN] 77 PneumoDB.Controller.SearchPneumoDB - Jyo-PageLoad-{"sort":"pss_public_name","rows":"15","page":"1","order":"desc"}
[2016/01/15 14:01:06] [WARN] 77 PneumoDB.Controller.SearchPneumoDB - Jyo-PageLoad-{"rows":"15","order":"asc","page":"1","sort":"pss_lane_id"}
[2016/01/15 14:01:08] [WARN] 77 PneumoDB.Controller.SearchPneumoDB - Jyo-PageLoad-{"sort":"pss_lane_id","rows":"15","page":"1","order":"desc"}
[2016/01/15 14:01:10] [WARN] 77 PneumoDB.Controller.SearchPneumoDB - Jyo-PageLoad-{"sort":"pss_sanger_id","rows":"15","order":"asc","page":"1"}
[2016/01/15 14:01:11] [WARN] 77 PneumoDB.Controller.SearchPneumoDB - Jyo-PageLoad-{"order":"desc","page":"1","rows":"15","sort":"pss_sanger_id"}
[2016/01/15 14:01:12] [WARN] 77 PneumoDB.Controller.SearchPneumoDB - Jyo-PageLoad-{"sort":"pss_sanger_id","page":"1","order":"asc","rows":"15"}
[2016/01/15 14:01:14] [WARN] 77 PneumoDB.Controller.SearchPneumoDB - Jyo-PageLoad-{"rows":"15","page":"1","order":"asc","sort":"pss_study_id"}
[2016/01/15 14:01:15] [WARN] 77 PneumoDB.Controller.SearchPneumoDB - Jyo-PageLoad-{"sort":"pss_study_id","page":"1","order":"desc","rows":"15"}
[2016/01/15 14:01:19] [WARN] 77 PneumoDB.Controller.SearchPneumoDB - Jyo-PageLoad
[2016/01/15 14:01:31] [WARN] 77 PneumoDB.Controller.SearchPneumoDB - Jyo-Search:[[{"eq":"in","columns":"pss_study_id","search_str":"2245STDY6092911"}]]
[2016/01/15 14:01:34] [WARN] 77 PneumoDB.Controller.SearchPneumoDB - Jyo-Search:[[{"search_str":"2245STDY6092911","eq":"in","columns":"pss_sanger_id"}]]
[2016/01/15 14:03:45] [WARN] 77 PneumoDB.Controller.SearchPneumoDB - Jyo-Search:[[{"eq":"in","columns":"pss_sanger_id","search_str":"2245STDY6092911"}]]
[2016/01/15 14:03:46] [WARN] 77 PneumoDB.Controller.SearchPneumoDB - Jyo-Search:[[{"search_str":"2245STDY6092911","columns":"pss_sanger_id","eq":"in"}]]
[2016/01/15 14:04:07] [WARN] 77 PneumoDB.Controller.SearchPneumoDB - Jyo-Search:[[{"search_str":"2245STDY6092911","eq":"in","columns":"pss_sanger_id"}]]
[2016/01/15 14:04:11] [WARN] 77 PneumoDB.Controller.SearchPneumoDB - Jyo-Search:[[{"columns":"pss_sanger_id","eq":"in","search_str":"2245STDY6092911"}]]
[2016/01/15 14:04:17] [WARN] 77 PneumoDB.Controller.SearchPneumoDB - Jyo-PageLoad
[2016/01/15 14:05:28] [WARN] 77 PneumoDB.Controller.SearchPneumoDB - Jyo-PageLoad
[2016/01/15 14:09:20] [WARN] 77 PneumoDB.Controller.SearchPneumoDB - Jyo-PageLoad
[2016/01/15 14:11:14] [WARN] 77 PneumoDB.Controller.SearchPneumoDB - Jyo-PageLoad
[2016/01/15 14:11:54] [WARN] 77 PneumoDB.Controller.SearchPneumoDB - Jyo-PageLoad
[2016/01/15 14:13:14] [WARN] 40 PneumoDB.Controller.BulkUpload - Jyo-BulkUpload-prs_in_silico_st-{"st_update_file":"140910_dataviewer_ST_update.xlsx","st_update_type":"prs_in_silico_st"}
[2016/01/15 14:13:34] [WARN] 77 PneumoDB.Controller.SearchPneumoDB - Jyo-PageLoad
[2016/01/15 14:14:08] [WARN] 77 PneumoDB.Controller.SearchPneumoDB - Jyo-PageLoad-{"sort":"prs_in_silico_st","order":"asc","page":"1","rows":"15"}
[2016/01/15 14:14:09] [WARN] 77 PneumoDB.Controller.SearchPneumoDB - Jyo-PageLoad-{"rows":"15","page":"1","order":"desc","sort":"prs_in_silico_st"}
[2016/01/15 14:14:17] [WARN] 42 PneumoDB.Controller.GC - Jyo-GC-{"lane_ids":["11822_1#14"]}
[2016/01/15 14:14:22] [WARN] 77 PneumoDB.Controller.SearchPneumoDB - Jyo-PageLoad-Download_Selected
[2016/01/15 14:14:53] [WARN] 37 PneumoDB.Controller.FastqDownload - Jyo-FastqUrl-{"type":"fastq_ftp","accession":[""]}
[2016/01/15 14:15:36] [WARN] 37 PneumoDB.Controller.FastqDownload - Jyo-FastqUrl-{"accession":[""],"type":"fastq_ftp"}
[2016/01/15 14:15:39] [WARN] 37 PneumoDB.Controller.FastqDownload - Jyo-FastqUrl-{"type":"fastq_ftp","accession":["",""]}
[2016/01/15 14:19:46] [WARN] 77 PneumoDB.Controller.SearchPneumoDB - Jyo-Search:[[{"columns":"pss_lane_id","search_str":"9789_2#15","eq":"in"}]]
[2016/01/15 14:20:02] [WARN] 40 PneumoDB.Controller.BulkUpload - Jyo-BulkUpload-prs_in_silico_serotype-{"st_update_type":"prs_in_silico_serotype","st_update_file":"140827_serotype_reformat.csv"}
[2016/01/15 14:20:02] [WARN] 77 PneumoDB.Controller.SearchPneumoDB - Jyo-Search:[[{"search_str":"9789_2#15","columns":"pss_lane_id","eq":"in"}]]
